-------------------------------------------------------------------------------
Test set: com.rodrigo.crud.CrudApplicationTests
-------------------------------------------------------------------------------
Tests run: 1, Failures: 0, Errors: 1, Skipped: 0, Time elapsed: 15.775 s <<< FAILURE! - in com.rodrigo.crud.CrudApplicationTests
contextLoads  Time elapsed: 0.034 s  <<< ERROR!
java.lang.IllegalStateException: Failed to load ApplicationContext
Caused by: org.springframework.beans.factory.UnsatisfiedDependencyException: Error creating bean with name 'requestMappingHandlerAdapter' defined in class path resource [org/springframework/boot/autoconfigure/web/servlet/WebMvcAutoConfiguration$EnableWebMvcConfiguration.class]: Unsatisfied dependency expressed through method 'requestMappingHandlerAdapter' parameter 1; nested exception is org.springframework.beans.factory.BeanCreationException: Error creating bean with name 'mvcConversionService' defined in class path resource [org/springframework/boot/autoconfigure/web/servlet/WebMvcAutoConfiguration$EnableWebMvcConfiguration.class]: Bean instantiation via factory method failed; nested exception is org.springframework.beans.BeanInstantiationException: Failed to instantiate [org.springframework.format.support.FormattingConversionService]: Factory method 'mvcConversionService' threw exception; nested exception is org.springframework.beans.factory.UnsatisfiedDependencyException: Error creating bean with name 'jsonSchemaConverter' defined in class path resource [org/springframework/data/rest/webmvc/config/RepositoryRestMvcConfiguration.class]: Unsatisfied dependency expressed through method 'jsonSchemaConverter' parameter 2; nested exception is org.springframework.beans.factory.BeanCreationException: Error creating bean with name 'repositoryInvokerFactory' defined in class path resource [org/springframework/data/rest/webmvc/config/RepositoryRestMvcConfiguration.class]: Bean instantiation via factory method failed; nested exception is org.springframework.beans.BeanInstantiationException: Failed to instantiate [org.springframework.data.repository.support.RepositoryInvokerFactory]: Factory method 'repositoryInvokerFactory' threw exception; nested exception is java.lang.NoSuchMethodError: 'org.springframework.plugin.core.PluginRegistry org.springframework.plugin.core.PluginRegistry.of(java.util.List)'
Caused by: org.springframework.beans.factory.BeanCreationException: Error creating bean with name 'mvcConversionService' defined in class path resource [org/springframework/boot/autoconfigure/web/servlet/WebMvcAutoConfiguration$EnableWebMvcConfiguration.class]: Bean instantiation via factory method failed; nested exception is org.springframework.beans.BeanInstantiationException: Failed to instantiate [org.springframework.format.support.FormattingConversionService]: Factory method 'mvcConversionService' threw exception; nested exception is org.springframework.beans.factory.UnsatisfiedDependencyException: Error creating bean with name 'jsonSchemaConverter' defined in class path resource [org/springframework/data/rest/webmvc/config/RepositoryRestMvcConfiguration.class]: Unsatisfied dependency expressed through method 'jsonSchemaConverter' parameter 2; nested exception is org.springframework.beans.factory.BeanCreationException: Error creating bean with name 'repositoryInvokerFactory' defined in class path resource [org/springframework/data/rest/webmvc/config/RepositoryRestMvcConfiguration.class]: Bean instantiation via factory method failed; nested exception is org.springframework.beans.BeanInstantiationException: Failed to instantiate [org.springframework.data.repository.support.RepositoryInvokerFactory]: Factory method 'repositoryInvokerFactory' threw exception; nested exception is java.lang.NoSuchMethodError: 'org.springframework.plugin.core.PluginRegistry org.springframework.plugin.core.PluginRegistry.of(java.util.List)'
Caused by: org.springframework.beans.BeanInstantiationException: Failed to instantiate [org.springframework.format.support.FormattingConversionService]: Factory method 'mvcConversionService' threw exception; nested exception is org.springframework.beans.factory.UnsatisfiedDependencyException: Error creating bean with name 'jsonSchemaConverter' defined in class path resource [org/springframework/data/rest/webmvc/config/RepositoryRestMvcConfiguration.class]: Unsatisfied dependency expressed through method 'jsonSchemaConverter' parameter 2; nested exception is org.springframework.beans.factory.BeanCreationException: Error creating bean with name 'repositoryInvokerFactory' defined in class path resource [org/springframework/data/rest/webmvc/config/RepositoryRestMvcConfiguration.class]: Bean instantiation via factory method failed; nested exception is org.springframework.beans.BeanInstantiationException: Failed to instantiate [org.springframework.data.repository.support.RepositoryInvokerFactory]: Factory method 'repositoryInvokerFactory' threw exception; nested exception is java.lang.NoSuchMethodError: 'org.springframework.plugin.core.PluginRegistry org.springframework.plugin.core.PluginRegistry.of(java.util.List)'
Caused by: org.springframework.beans.factory.UnsatisfiedDependencyException: Error creating bean with name 'jsonSchemaConverter' defined in class path resource [org/springframework/data/rest/webmvc/config/RepositoryRestMvcConfiguration.class]: Unsatisfied dependency expressed through method 'jsonSchemaConverter' parameter 2; nested exception is org.springframework.beans.factory.BeanCreationException: Error creating bean with name 'repositoryInvokerFactory' defined in class path resource [org/springframework/data/rest/webmvc/config/RepositoryRestMvcConfiguration.class]: Bean instantiation via factory method failed; nested exception is org.springframework.beans.BeanInstantiationException: Failed to instantiate [org.springframework.data.repository.support.RepositoryInvokerFactory]: Factory method 'repositoryInvokerFactory' threw exception; nested exception is java.lang.NoSuchMethodError: 'org.springframework.plugin.core.PluginRegistry org.springframework.plugin.core.PluginRegistry.of(java.util.List)'
Caused by: org.springframework.beans.factory.BeanCreationException: Error creating bean with name 'repositoryInvokerFactory' defined in class path resource [org/springframework/data/rest/webmvc/config/RepositoryRestMvcConfiguration.class]: Bean instantiation via factory method failed; nested exception is org.springframework.beans.BeanInstantiationException: Failed to instantiate [org.springframework.data.repository.support.RepositoryInvokerFactory]: Factory method 'repositoryInvokerFactory' threw exception; nested exception is java.lang.NoSuchMethodError: 'org.springframework.plugin.core.PluginRegistry org.springframework.plugin.core.PluginRegistry.of(java.util.List)'
Caused by: org.springframework.beans.BeanInstantiationException: Failed to instantiate [org.springframework.data.repository.support.RepositoryInvokerFactory]: Factory method 'repositoryInvokerFactory' threw exception; nested exception is java.lang.NoSuchMethodError: 'org.springframework.plugin.core.PluginRegistry org.springframework.plugin.core.PluginRegistry.of(java.util.List)'
Caused by: java.lang.NoSuchMethodError: 'org.springframework.plugin.core.PluginRegistry org.springframework.plugin.core.PluginRegistry.of(java.util.List)'

